<?xml version="1.0" encoding="UTF-8"?>
<!-- Generated by org.testng.reporters.JUnitReportReporter -->
<testsuite hostname="LAPTOP-TRRVQMAI" failures="0" tests="2" name="com.wiprojuly.testing.TestNGMultipleTestcase" time="17.900" errors="0" timestamp="2025-08-16T14:42:53 IST" skipped="0">
  <testcase classname="com.wiprojuly.testing.TestNGMultipleTestcase" name="saucereg" time="11.151"/>
  <testcase classname="com.wiprojuly.testing.TestNGMultipleTestcase" name="launchbrowser" time="6.749"/>
</testsuite> <!-- com.wiprojuly.testing.TestNGMultipleTestcase -->
