<?xml version="1.0" encoding="UTF-8"?>
<!-- Generated by org.testng.reporters.JUnitReportReporter -->
<testsuite hostname="LAPTOP-TRRVQMAI" failures="0" tests="1" name="com.wiprojuly.testing.TestNGExcelReadEg" time="73.099" errors="0" timestamp="2025-08-19T17:51:02 IST" skipped="0">
  <testcase classname="com.wiprojuly.testing.TestNGExcelReadEg" name="login" time="73.099"/>
</testsuite> <!-- com.wiprojuly.testing.TestNGExcelReadEg -->
