<?xml version="1.0" encoding="UTF-8"?>
<!-- Generated by org.testng.reporters.JUnitReportReporter -->
<testsuite hostname="LAPTOP-TRRVQMAI" failures="0" tests="1" name="com.wiprojuly.testing.TestNGListnerTestcase" time="14.357" errors="0" timestamp="2025-08-19T11:44:02 IST" skipped="0">
  <testcase classname="com.wiprojuly.testing.TestNGListnerTestcase" name="Login" time="14.357"/>
</testsuite> <!-- com.wiprojuly.testing.TestNGListnerTestcase -->
