<?xml version="1.0" encoding="UTF-8"?>
<!-- Generated by org.testng.reporters.JUnitReportReporter -->
<testsuite hostname="LAPTOP-TRRVQMAI" failures="0" tests="3" name="com.wiprojuly.testing.TestNGDataProvidersEg" time="30.693" errors="0" timestamp="2025-08-23T10:54:41 IST" skipped="0">
  <testcase classname="com.wiprojuly.testing.TestNGDataProvidersEg" name="logintest" time="9.871"/>
  <testcase classname="com.wiprojuly.testing.TestNGDataProvidersEg" name="logintest" time="10.803"/>
  <testcase classname="com.wiprojuly.testing.TestNGDataProvidersEg" name="logintest" time="10.019"/>
</testsuite> <!-- com.wiprojuly.testing.TestNGDataProvidersEg -->
