<?xml version="1.0" encoding="UTF-8"?>
<!-- Generated by org.testng.reporters.JUnitReportReporter -->
<testsuite hostname="LAPTOP-TRRVQMAI" failures="0" tests="3" name="LabsessionTesting.LoginLabSession" time="40.599" errors="0" timestamp="2025-08-19T12:10:46 IST" skipped="0">
  <testcase classname="LabsessionTesting.LoginLabSession" name="positiveLoginTest" time="16.219"/>
  <testcase classname="LabsessionTesting.LoginLabSession" name="negativeUsernameTest" time="12.322"/>
  <testcase classname="LabsessionTesting.LoginLabSession" name="negativePasswordTest" time="12.058"/>
</testsuite> <!-- LabsessionTesting.LoginLabSession -->
