<?xml version="1.0" encoding="UTF-8"?>
<!-- Generated by org.testng.reporters.JUnitReportReporter -->
<testsuite hostname="LAPTOP-TRRVQMAI" failures="0" tests="2" name="com.wiprojuly.testing.TestNGSkipTestcase" time="7.353" errors="0" timestamp="2025-08-16T15:11:17 IST" skipped="1">
  <testcase classname="com.wiprojuly.testing.TestNGSkipTestcase" name="launchbrowser" time="7.353"/>
  <testcase classname="com.wiprojuly.testing.TestNGSkipTestcase" name="saucereg">
    <skipped/>
  </testcase> <!-- saucereg -->
</testsuite> <!-- com.wiprojuly.testing.TestNGSkipTestcase -->
