<?xml version="1.0" encoding="UTF-8"?>
<!-- Generated by org.testng.reporters.JUnitReportReporter -->
<testsuite hostname="LAPTOP-TRRVQMAI" failures="0" tests="1" name="com.wiprojuly.testing.TestNGGroups" time="0.006" errors="0" timestamp="2025-08-19T09:49:33 IST" skipped="0">
  <testcase classname="com.wiprojuly.testing.TestNGGroups" name="testcase4" time="0.006"/>
</testsuite> <!-- com.wiprojuly.testing.TestNGGroups -->
