<?xml version="1.0" encoding="UTF-8"?>
<!-- Generated by org.testng.reporters.JUnitReportReporter -->
<testsuite hostname="LAPTOP-TRRVQMAI" failures="0" tests="1" name="com.wiprojuly.testing.TestNGFormFilling" time="70.591" errors="0" timestamp="2025-08-19T09:13:04 IST" skipped="0">
  <testcase classname="com.wiprojuly.testing.TestNGFormFilling" name="practise" time="70.591"/>
</testsuite> <!-- com.wiprojuly.testing.TestNGFormFilling -->
