<?xml version="1.0" encoding="UTF-8"?>
<!-- Generated by org.testng.reporters.JUnitReportReporter -->
<testsuite hostname="LAPTOP-TRRVQMAI" failures="0" tests="1" name="com.wiprojuly.testing.TestNGParameters" time="6.539" errors="0" timestamp="2025-08-18T16:12:59 IST" skipped="0">
  <testcase classname="com.wiprojuly.testing.TestNGParameters" name="testparameters" time="6.539"/>
</testsuite> <!-- com.wiprojuly.testing.TestNGParameters -->
