<?xml version="1.0" encoding="UTF-8"?>
<!-- Generated by org.testng.reporters.JUnitReportReporter -->
<testsuite hostname="LAPTOP-TRRVQMAI" failures="0" tests="4" name="com.wiprojuly.testing.TestNGPriortyExecutionEg" time="50.952" errors="0" timestamp="2025-08-19T09:49:33 IST" skipped="0">
  <testcase classname="com.wiprojuly.testing.TestNGPriortyExecutionEg" name="testdragdrop" time="8.734"/>
  <testcase classname="com.wiprojuly.testing.TestNGPriortyExecutionEg" name="radiobuttons" time="7.476"/>
  <testcase classname="com.wiprojuly.testing.TestNGPriortyExecutionEg" name="testcheckbox" time="7.872"/>
  <testcase classname="com.wiprojuly.testing.TestNGPriortyExecutionEg" name="testalerts" time="26.870"/>
</testsuite> <!-- com.wiprojuly.testing.TestNGPriortyExecutionEg -->
