<?xml version="1.0" encoding="UTF-8"?>
<!-- Generated by org.testng.reporters.JUnitReportReporter -->
<testsuite hostname="LAPTOP-TRRVQMAI" failures="0" tests="1" name="com.wiprojuly.testing.TestNGSoftAssertionEg" time="12.979" errors="0" timestamp="2025-08-19T10:26:45 IST" skipped="0">
  <testcase classname="com.wiprojuly.testing.TestNGSoftAssertionEg" name="AssertionEg" time="12.979"/>
</testsuite> <!-- com.wiprojuly.testing.TestNGSoftAssertionEg -->
