<?xml version="1.0" encoding="UTF-8"?>
<!-- Generated by org.testng.reporters.JUnitReportReporter -->
<testsuite hostname="LAPTOP-TRRVQMAI" failures="0" tests="3" name="com.wiprojuly.testing.TestNGAnnotations" time="0.015" errors="0" timestamp="2025-08-19T11:44:57 IST" skipped="0">
  <testcase classname="com.wiprojuly.testing.TestNGAnnotations" name="Testcase3" time="0.003"/>
  <testcase classname="com.wiprojuly.testing.TestNGAnnotations" name="Testcase2" time="0.002"/>
  <testcase classname="com.wiprojuly.testing.TestNGAnnotations" name="Testcase1" time="0.010"/>
</testsuite> <!-- com.wiprojuly.testing.TestNGAnnotations -->
