<?xml version="1.0" encoding="UTF-8"?>
<!-- Generated by org.testng.reporters.JUnitReportReporter -->
<testsuite hostname="LAPTOP-TRRVQMAI" failures="0" tests="1" name="com.wipro.JavaSeleniumWipro.ExcelReadEg2" time="25.444" errors="0" timestamp="2025-08-19T16:57:37 IST" skipped="0">
  <testcase classname="com.wipro.JavaSeleniumWipro.ExcelReadEg2" name="login" time="25.444"/>
</testsuite> <!-- com.wipro.JavaSeleniumWipro.ExcelReadEg2 -->
