<?xml version="1.0" encoding="UTF-8"?>
<!-- Generated by org.testng.reporters.JUnitReportReporter -->
<testsuite hostname="LAPTOP-TRRVQMAI" failures="0" tests="6" name="LabsessionTesting.AllOperatioEg" time="35.685" errors="0" timestamp="2025-08-19T17:07:14 IST" skipped="0">
  <testcase classname="LabsessionTesting.AllOperatioEg" name="negativePasswordTest" time="11.403"/>
  <testcase classname="LabsessionTesting.AllOperatioEg" name="testcase1" time="0.001"/>
  <testcase classname="LabsessionTesting.AllOperatioEg" name="negativeUsernameTest" time="11.368"/>
  <testcase classname="LabsessionTesting.AllOperatioEg" name="positiveLoginTest" time="12.910"/>
  <testcase classname="LabsessionTesting.AllOperatioEg" name="testcase3" time="0.002"/>
  <testcase classname="LabsessionTesting.AllOperatioEg" name="testcase2" time="0.001"/>
</testsuite> <!-- LabsessionTesting.AllOperatioEg -->
