<?xml version="1.0" encoding="UTF-8"?>
<!-- Generated by org.testng.reporters.JUnitReportReporter -->
<testsuite hostname="LAPTOP-TRRVQMAI" failures="0" tests="1" name="com.wiprojuly.testing.TestNGExcelWrite" time="34.561" errors="0" timestamp="2025-08-19T17:41:11 IST" skipped="0">
  <testcase classname="com.wiprojuly.testing.TestNGExcelWrite" name="login" time="34.561"/>
</testsuite> <!-- com.wiprojuly.testing.TestNGExcelWrite -->
