<?xml version="1.0" encoding="UTF-8"?>
<!-- Generated by org.testng.reporters.JUnitReportReporter -->
<testsuite hostname="LAPTOP-TRRVQMAI" failures="0" tests="1" name="com.wiprojuly.seleniumgrid.HelperClass" time="0.044" errors="0" timestamp="2025-08-20T14:37:46 IST" skipped="0">
  <testcase classname="com.wiprojuly.seleniumgrid.HelperClass" name="sampleTest" time="0.044"/>
</testsuite> <!-- com.wiprojuly.seleniumgrid.HelperClass -->
