<?xml version="1.0" encoding="UTF-8"?>
<!-- Generated by org.testng.reporters.JUnitReportReporter -->
<testsuite hostname="LAPTOP-TRRVQMAI" failures="0" tests="1" name="com.wiprojuly.testing.TestNGTestcase" time="14.015" errors="0" timestamp="2025-08-23T12:31:47 IST" skipped="0">
  <testcase classname="com.wiprojuly.testing.TestNGTestcase" name="login" time="14.015"/>
</testsuite> <!-- com.wiprojuly.testing.TestNGTestcase -->
